<?xml version="1.0" encoding="UTF-8"?>
<testsuite xmlns:xsi="http://www.w3.org/2001/XMLSchema-instance" xsi:noNamespaceSchemaLocation="https://maven.apache.org/surefire/maven-surefire-plugin/xsd/surefire-test-report-3.0.xsd" version="3.0" name="seleniumTest.Test" time="81.374" tests="1" errors="0" skipped="0" failures="0">
  <properties>
    <property name="java.specification.version" value="17"/>
    <property name="webdriver.chrome.driver" value="D:\testingProjectsEclipse\MovieValidation\src\test\resources\Drivers\chromedriver.exe"/>
    <property name="sun.cpu.isalist" value="amd64"/>
    <property name="sun.jnu.encoding" value="Cp1252"/>
    <property name="java.class.path" value="D:\testingProjectsEclipse\MovieValidation\target\test-classes;D:\testingProjectsEclipse\MovieValidation\target\classes;C:\Users\Raj shekhar Mishra\.m2\repository\org\testng\testng\7.6.1\testng-7.6.1.jar;C:\Users\Raj shekhar Mishra\.m2\repository\com\google\code\findbugs\jsr305\3.0.2\jsr305-3.0.2.jar;C:\Users\Raj shekhar Mishra\.m2\repository\org\slf4j\slf4j-api\1.7.36\slf4j-api-1.7.36.jar;C:\Users\Raj shekhar Mishra\.m2\repository\com\beust\jcommander\1.82\jcommander-1.82.jar;C:\Users\Raj shekhar Mishra\.m2\repository\org\webjars\jquery\3.6.0\jquery-3.6.0.jar;C:\Users\Raj shekhar Mishra\.m2\repository\junit\junit\3.8.1\junit-3.8.1.jar;C:\Users\Raj shekhar Mishra\.m2\repository\org\seleniumhq\selenium\selenium-java\4.3.0\selenium-java-4.3.0.jar;C:\Users\Raj shekhar Mishra\.m2\repository\org\seleniumhq\selenium\selenium-api\4.3.0\selenium-api-4.3.0.jar;C:\Users\Raj shekhar Mishra\.m2\repository\org\seleniumhq\selenium\selenium-chrome-driver\4.3.0\selenium-chrome-driver-4.3.0.jar;C:\Users\Raj shekhar Mishra\.m2\repository\com\google\auto\service\auto-service-annotations\1.0.1\auto-service-annotations-1.0.1.jar;C:\Users\Raj shekhar Mishra\.m2\repository\com\google\auto\service\auto-service\1.0.1\auto-service-1.0.1.jar;C:\Users\Raj shekhar Mishra\.m2\repository\com\google\auto\auto-common\1.2\auto-common-1.2.jar;C:\Users\Raj shekhar Mishra\.m2\repository\com\google\guava\guava\31.1-jre\guava-31.1-jre.jar;C:\Users\Raj shekhar Mishra\.m2\repository\com\google\guava\failureaccess\1.0.1\failureaccess-1.0.1.jar;C:\Users\Raj shekhar Mishra\.m2\repository\com\google\guava\listenablefuture\9999.0-empty-to-avoid-conflict-with-guava\listenablefuture-9999.0-empty-to-avoid-conflict-with-guava.jar;C:\Users\Raj shekhar Mishra\.m2\repository\org\checkerframework\checker-qual\3.12.0\checker-qual-3.12.0.jar;C:\Users\Raj shekhar Mishra\.m2\repository\com\google\errorprone\error_prone_annotations\2.11.0\error_prone_annotations-2.11.0.jar;C:\Users\Raj shekhar Mishra\.m2\repository\com\google\j2objc\j2objc-annotations\1.3\j2objc-annotations-1.3.jar;C:\Users\Raj shekhar Mishra\.m2\repository\org\seleniumhq\selenium\selenium-chromium-driver\4.3.0\selenium-chromium-driver-4.3.0.jar;C:\Users\Raj shekhar Mishra\.m2\repository\org\seleniumhq\selenium\selenium-json\4.3.0\selenium-json-4.3.0.jar;C:\Users\Raj shekhar Mishra\.m2\repository\org\seleniumhq\selenium\selenium-devtools-v101\4.3.0\selenium-devtools-v101-4.3.0.jar;C:\Users\Raj shekhar Mishra\.m2\repository\org\seleniumhq\selenium\selenium-devtools-v102\4.3.0\selenium-devtools-v102-4.3.0.jar;C:\Users\Raj shekhar Mishra\.m2\repository\org\seleniumhq\selenium\selenium-devtools-v103\4.3.0\selenium-devtools-v103-4.3.0.jar;C:\Users\Raj shekhar Mishra\.m2\repository\org\seleniumhq\selenium\selenium-devtools-v85\4.3.0\selenium-devtools-v85-4.3.0.jar;C:\Users\Raj shekhar Mishra\.m2\repository\org\seleniumhq\selenium\selenium-edge-driver\4.3.0\selenium-edge-driver-4.3.0.jar;C:\Users\Raj shekhar Mishra\.m2\repository\org\seleniumhq\selenium\selenium-firefox-driver\4.3.0\selenium-firefox-driver-4.3.0.jar;C:\Users\Raj shekhar Mishra\.m2\repository\org\seleniumhq\selenium\selenium-ie-driver\4.3.0\selenium-ie-driver-4.3.0.jar;C:\Users\Raj shekhar Mishra\.m2\repository\org\seleniumhq\selenium\selenium-opera-driver\4.3.0\selenium-opera-driver-4.3.0.jar;C:\Users\Raj shekhar Mishra\.m2\repository\org\seleniumhq\selenium\selenium-remote-driver\4.3.0\selenium-remote-driver-4.3.0.jar;C:\Users\Raj shekhar Mishra\.m2\repository\io\netty\netty-buffer\4.1.78.Final\netty-buffer-4.1.78.Final.jar;C:\Users\Raj shekhar Mishra\.m2\repository\io\netty\netty-codec-http\4.1.78.Final\netty-codec-http-4.1.78.Final.jar;C:\Users\Raj shekhar Mishra\.m2\repository\io\netty\netty-codec\4.1.78.Final\netty-codec-4.1.78.Final.jar;C:\Users\Raj shekhar Mishra\.m2\repository\io\netty\netty-handler\4.1.78.Final\netty-handler-4.1.78.Final.jar;C:\Users\Raj shekhar Mishra\.m2\repository\io\netty\netty-common\4.1.78.Final\netty-common-4.1.78.Final.jar;C:\Users\Raj shekhar Mishra\.m2\repository\io\netty\netty-transport-classes-epoll\4.1.78.Final\netty-transport-classes-epoll-4.1.78.Final.jar;C:\Users\Raj shekhar Mishra\.m2\repository\io\netty\netty-transport-classes-kqueue\4.1.78.Final\netty-transport-classes-kqueue-4.1.78.Final.jar;C:\Users\Raj shekhar Mishra\.m2\repository\io\netty\netty-transport-native-epoll\4.1.78.Final\netty-transport-native-epoll-4.1.78.Final.jar;C:\Users\Raj shekhar Mishra\.m2\repository\io\netty\netty-transport-native-kqueue\4.1.78.Final\netty-transport-native-kqueue-4.1.78.Final.jar;C:\Users\Raj shekhar Mishra\.m2\repository\io\netty\netty-transport-native-unix-common\4.1.78.Final\netty-transport-native-unix-common-4.1.78.Final.jar;C:\Users\Raj shekhar Mishra\.m2\repository\io\netty\netty-transport\4.1.78.Final\netty-transport-4.1.78.Final.jar;C:\Users\Raj shekhar Mishra\.m2\repository\io\netty\netty-resolver\4.1.78.Final\netty-resolver-4.1.78.Final.jar;C:\Users\Raj shekhar Mishra\.m2\repository\io\opentelemetry\opentelemetry-api\1.15.0\opentelemetry-api-1.15.0.jar;C:\Users\Raj shekhar Mishra\.m2\repository\io\opentelemetry\opentelemetry-context\1.15.0\opentelemetry-context-1.15.0.jar;C:\Users\Raj shekhar Mishra\.m2\repository\io\opentelemetry\opentelemetry-exporter-logging\1.15.0\opentelemetry-exporter-logging-1.15.0.jar;C:\Users\Raj shekhar Mishra\.m2\repository\io\opentelemetry\opentelemetry-sdk-metrics\1.15.0\opentelemetry-sdk-metrics-1.15.0.jar;C:\Users\Raj shekhar Mishra\.m2\repository\io\opentelemetry\opentelemetry-sdk-logs\1.15.0-alpha\opentelemetry-sdk-logs-1.15.0-alpha.jar;C:\Users\Raj shekhar Mishra\.m2\repository\io\opentelemetry\opentelemetry-sdk-common\1.15.0\opentelemetry-sdk-common-1.15.0.jar;C:\Users\Raj shekhar Mishra\.m2\repository\io\opentelemetry\opentelemetry-sdk-extension-autoconfigure-spi\1.15.0\opentelemetry-sdk-extension-autoconfigure-spi-1.15.0.jar;C:\Users\Raj shekhar Mishra\.m2\repository\io\opentelemetry\opentelemetry-sdk-extension-autoconfigure\1.15.0-alpha\opentelemetry-sdk-extension-autoconfigure-1.15.0-alpha.jar;C:\Users\Raj shekhar Mishra\.m2\repository\io\opentelemetry\opentelemetry-sdk-trace\1.15.0\opentelemetry-sdk-trace-1.15.0.jar;C:\Users\Raj shekhar Mishra\.m2\repository\io\opentelemetry\opentelemetry-sdk\1.15.0\opentelemetry-sdk-1.15.0.jar;C:\Users\Raj shekhar Mishra\.m2\repository\io\opentelemetry\opentelemetry-semconv\1.15.0-alpha\opentelemetry-semconv-1.15.0-alpha.jar;C:\Users\Raj shekhar Mishra\.m2\repository\io\ous\jtoml\2.0.0\jtoml-2.0.0.jar;C:\Users\Raj shekhar Mishra\.m2\repository\net\bytebuddy\byte-buddy\1.12.10\byte-buddy-1.12.10.jar;C:\Users\Raj shekhar Mishra\.m2\repository\org\apache\commons\commons-exec\1.3\commons-exec-1.3.jar;C:\Users\Raj shekhar Mishra\.m2\repository\org\asynchttpclient\async-http-client\2.12.3\async-http-client-2.12.3.jar;C:\Users\Raj shekhar Mishra\.m2\repository\org\asynchttpclient\async-http-client-netty-utils\2.12.3\async-http-client-netty-utils-2.12.3.jar;C:\Users\Raj shekhar Mishra\.m2\repository\io\netty\netty-codec-socks\4.1.60.Final\netty-codec-socks-4.1.60.Final.jar;C:\Users\Raj shekhar Mishra\.m2\repository\io\netty\netty-handler-proxy\4.1.60.Final\netty-handler-proxy-4.1.60.Final.jar;C:\Users\Raj shekhar Mishra\.m2\repository\io\netty\netty-transport-native-epoll\4.1.60.Final\netty-transport-native-epoll-4.1.60.Final-linux-x86_64.jar;C:\Users\Raj shekhar Mishra\.m2\repository\io\netty\netty-transport-native-kqueue\4.1.60.Final\netty-transport-native-kqueue-4.1.60.Final-osx-x86_64.jar;C:\Users\Raj shekhar Mishra\.m2\repository\org\reactivestreams\reactive-streams\1.0.3\reactive-streams-1.0.3.jar;C:\Users\Raj shekhar Mishra\.m2\repository\com\typesafe\netty\netty-reactive-streams\2.0.4\netty-reactive-streams-2.0.4.jar;C:\Users\Raj shekhar Mishra\.m2\repository\com\sun\activation\jakarta.activation\1.2.2\jakarta.activation-1.2.2.jar;C:\Users\Raj shekhar Mishra\.m2\repository\org\seleniumhq\selenium\selenium-http\4.3.0\selenium-http-4.3.0.jar;C:\Users\Raj shekhar Mishra\.m2\repository\dev\failsafe\failsafe\3.2.4\failsafe-3.2.4.jar;C:\Users\Raj shekhar Mishra\.m2\repository\org\seleniumhq\selenium\selenium-safari-driver\4.3.0\selenium-safari-driver-4.3.0.jar;C:\Users\Raj shekhar Mishra\.m2\repository\org\seleniumhq\selenium\selenium-support\4.3.0\selenium-support-4.3.0.jar;"/>
    <property name="java.vm.vendor" value="Oracle Corporation"/>
    <property name="sun.arch.data.model" value="64"/>
    <property name="user.variant" value=""/>
    <property name="java.vendor.url" value="https://java.oracle.com/"/>
    <property name="user.timezone" value="Asia/Calcutta"/>
    <property name="os.name" value="Windows 10"/>
    <property name="java.vm.specification.version" value="17"/>
    <property name="sun.java.launcher" value="SUN_STANDARD"/>
    <property name="user.country" value="US"/>
    <property name="sun.boot.library.path" value="C:\Program Files\Java\jdk-17.0.4\bin"/>
    <property name="sun.java.command" value="C:\Users\Raj shekhar Mishra\AppData\Local\Temp\surefire2896572471173549948\surefirebooter-20220724144051555_3.jar C:\Users\Raj shekhar Mishra\AppData\Local\Temp\surefire2896572471173549948 2022-07-24T14-40-48_728-jvmRun1 surefire-20220724144051555_1tmp surefire_0-20220724144051555_2tmp"/>
    <property name="jdk.debug" value="release"/>
    <property name="surefire.test.class.path" value="D:\testingProjectsEclipse\MovieValidation\target\test-classes;D:\testingProjectsEclipse\MovieValidation\target\classes;C:\Users\Raj shekhar Mishra\.m2\repository\org\testng\testng\7.6.1\testng-7.6.1.jar;C:\Users\Raj shekhar Mishra\.m2\repository\com\google\code\findbugs\jsr305\3.0.2\jsr305-3.0.2.jar;C:\Users\Raj shekhar Mishra\.m2\repository\org\slf4j\slf4j-api\1.7.36\slf4j-api-1.7.36.jar;C:\Users\Raj shekhar Mishra\.m2\repository\com\beust\jcommander\1.82\jcommander-1.82.jar;C:\Users\Raj shekhar Mishra\.m2\repository\org\webjars\jquery\3.6.0\jquery-3.6.0.jar;C:\Users\Raj shekhar Mishra\.m2\repository\junit\junit\3.8.1\junit-3.8.1.jar;C:\Users\Raj shekhar Mishra\.m2\repository\org\seleniumhq\selenium\selenium-java\4.3.0\selenium-java-4.3.0.jar;C:\Users\Raj shekhar Mishra\.m2\repository\org\seleniumhq\selenium\selenium-api\4.3.0\selenium-api-4.3.0.jar;C:\Users\Raj shekhar Mishra\.m2\repository\org\seleniumhq\selenium\selenium-chrome-driver\4.3.0\selenium-chrome-driver-4.3.0.jar;C:\Users\Raj shekhar Mishra\.m2\repository\com\google\auto\service\auto-service-annotations\1.0.1\auto-service-annotations-1.0.1.jar;C:\Users\Raj shekhar Mishra\.m2\repository\com\google\auto\service\auto-service\1.0.1\auto-service-1.0.1.jar;C:\Users\Raj shekhar Mishra\.m2\repository\com\google\auto\auto-common\1.2\auto-common-1.2.jar;C:\Users\Raj shekhar Mishra\.m2\repository\com\google\guava\guava\31.1-jre\guava-31.1-jre.jar;C:\Users\Raj shekhar Mishra\.m2\repository\com\google\guava\failureaccess\1.0.1\failureaccess-1.0.1.jar;C:\Users\Raj shekhar Mishra\.m2\repository\com\google\guava\listenablefuture\9999.0-empty-to-avoid-conflict-with-guava\listenablefuture-9999.0-empty-to-avoid-conflict-with-guava.jar;C:\Users\Raj shekhar Mishra\.m2\repository\org\checkerframework\checker-qual\3.12.0\checker-qual-3.12.0.jar;C:\Users\Raj shekhar Mishra\.m2\repository\com\google\errorprone\error_prone_annotations\2.11.0\error_prone_annotations-2.11.0.jar;C:\Users\Raj shekhar Mishra\.m2\repository\com\google\j2objc\j2objc-annotations\1.3\j2objc-annotations-1.3.jar;C:\Users\Raj shekhar Mishra\.m2\repository\org\seleniumhq\selenium\selenium-chromium-driver\4.3.0\selenium-chromium-driver-4.3.0.jar;C:\Users\Raj shekhar Mishra\.m2\repository\org\seleniumhq\selenium\selenium-json\4.3.0\selenium-json-4.3.0.jar;C:\Users\Raj shekhar Mishra\.m2\repository\org\seleniumhq\selenium\selenium-devtools-v101\4.3.0\selenium-devtools-v101-4.3.0.jar;C:\Users\Raj shekhar Mishra\.m2\repository\org\seleniumhq\selenium\selenium-devtools-v102\4.3.0\selenium-devtools-v102-4.3.0.jar;C:\Users\Raj shekhar Mishra\.m2\repository\org\seleniumhq\selenium\selenium-devtools-v103\4.3.0\selenium-devtools-v103-4.3.0.jar;C:\Users\Raj shekhar Mishra\.m2\repository\org\seleniumhq\selenium\selenium-devtools-v85\4.3.0\selenium-devtools-v85-4.3.0.jar;C:\Users\Raj shekhar Mishra\.m2\repository\org\seleniumhq\selenium\selenium-edge-driver\4.3.0\selenium-edge-driver-4.3.0.jar;C:\Users\Raj shekhar Mishra\.m2\repository\org\seleniumhq\selenium\selenium-firefox-driver\4.3.0\selenium-firefox-driver-4.3.0.jar;C:\Users\Raj shekhar Mishra\.m2\repository\org\seleniumhq\selenium\selenium-ie-driver\4.3.0\selenium-ie-driver-4.3.0.jar;C:\Users\Raj shekhar Mishra\.m2\repository\org\seleniumhq\selenium\selenium-opera-driver\4.3.0\selenium-opera-driver-4.3.0.jar;C:\Users\Raj shekhar Mishra\.m2\repository\org\seleniumhq\selenium\selenium-remote-driver\4.3.0\selenium-remote-driver-4.3.0.jar;C:\Users\Raj shekhar Mishra\.m2\repository\io\netty\netty-buffer\4.1.78.Final\netty-buffer-4.1.78.Final.jar;C:\Users\Raj shekhar Mishra\.m2\repository\io\netty\netty-codec-http\4.1.78.Final\netty-codec-http-4.1.78.Final.jar;C:\Users\Raj shekhar Mishra\.m2\repository\io\netty\netty-codec\4.1.78.Final\netty-codec-4.1.78.Final.jar;C:\Users\Raj shekhar Mishra\.m2\repository\io\netty\netty-handler\4.1.78.Final\netty-handler-4.1.78.Final.jar;C:\Users\Raj shekhar Mishra\.m2\repository\io\netty\netty-common\4.1.78.Final\netty-common-4.1.78.Final.jar;C:\Users\Raj shekhar Mishra\.m2\repository\io\netty\netty-transport-classes-epoll\4.1.78.Final\netty-transport-classes-epoll-4.1.78.Final.jar;C:\Users\Raj shekhar Mishra\.m2\repository\io\netty\netty-transport-classes-kqueue\4.1.78.Final\netty-transport-classes-kqueue-4.1.78.Final.jar;C:\Users\Raj shekhar Mishra\.m2\repository\io\netty\netty-transport-native-epoll\4.1.78.Final\netty-transport-native-epoll-4.1.78.Final.jar;C:\Users\Raj shekhar Mishra\.m2\repository\io\netty\netty-transport-native-kqueue\4.1.78.Final\netty-transport-native-kqueue-4.1.78.Final.jar;C:\Users\Raj shekhar Mishra\.m2\repository\io\netty\netty-transport-native-unix-common\4.1.78.Final\netty-transport-native-unix-common-4.1.78.Final.jar;C:\Users\Raj shekhar Mishra\.m2\repository\io\netty\netty-transport\4.1.78.Final\netty-transport-4.1.78.Final.jar;C:\Users\Raj shekhar Mishra\.m2\repository\io\netty\netty-resolver\4.1.78.Final\netty-resolver-4.1.78.Final.jar;C:\Users\Raj shekhar Mishra\.m2\repository\io\opentelemetry\opentelemetry-api\1.15.0\opentelemetry-api-1.15.0.jar;C:\Users\Raj shekhar Mishra\.m2\repository\io\opentelemetry\opentelemetry-context\1.15.0\opentelemetry-context-1.15.0.jar;C:\Users\Raj shekhar Mishra\.m2\repository\io\opentelemetry\opentelemetry-exporter-logging\1.15.0\opentelemetry-exporter-logging-1.15.0.jar;C:\Users\Raj shekhar Mishra\.m2\repository\io\opentelemetry\opentelemetry-sdk-metrics\1.15.0\opentelemetry-sdk-metrics-1.15.0.jar;C:\Users\Raj shekhar Mishra\.m2\repository\io\opentelemetry\opentelemetry-sdk-logs\1.15.0-alpha\opentelemetry-sdk-logs-1.15.0-alpha.jar;C:\Users\Raj shekhar Mishra\.m2\repository\io\opentelemetry\opentelemetry-sdk-common\1.15.0\opentelemetry-sdk-common-1.15.0.jar;C:\Users\Raj shekhar Mishra\.m2\repository\io\opentelemetry\opentelemetry-sdk-extension-autoconfigure-spi\1.15.0\opentelemetry-sdk-extension-autoconfigure-spi-1.15.0.jar;C:\Users\Raj shekhar Mishra\.m2\repository\io\opentelemetry\opentelemetry-sdk-extension-autoconfigure\1.15.0-alpha\opentelemetry-sdk-extension-autoconfigure-1.15.0-alpha.jar;C:\Users\Raj shekhar Mishra\.m2\repository\io\opentelemetry\opentelemetry-sdk-trace\1.15.0\opentelemetry-sdk-trace-1.15.0.jar;C:\Users\Raj shekhar Mishra\.m2\repository\io\opentelemetry\opentelemetry-sdk\1.15.0\opentelemetry-sdk-1.15.0.jar;C:\Users\Raj shekhar Mishra\.m2\repository\io\opentelemetry\opentelemetry-semconv\1.15.0-alpha\opentelemetry-semconv-1.15.0-alpha.jar;C:\Users\Raj shekhar Mishra\.m2\repository\io\ous\jtoml\2.0.0\jtoml-2.0.0.jar;C:\Users\Raj shekhar Mishra\.m2\repository\net\bytebuddy\byte-buddy\1.12.10\byte-buddy-1.12.10.jar;C:\Users\Raj shekhar Mishra\.m2\repository\org\apache\commons\commons-exec\1.3\commons-exec-1.3.jar;C:\Users\Raj shekhar Mishra\.m2\repository\org\asynchttpclient\async-http-client\2.12.3\async-http-client-2.12.3.jar;C:\Users\Raj shekhar Mishra\.m2\repository\org\asynchttpclient\async-http-client-netty-utils\2.12.3\async-http-client-netty-utils-2.12.3.jar;C:\Users\Raj shekhar Mishra\.m2\repository\io\netty\netty-codec-socks\4.1.60.Final\netty-codec-socks-4.1.60.Final.jar;C:\Users\Raj shekhar Mishra\.m2\repository\io\netty\netty-handler-proxy\4.1.60.Final\netty-handler-proxy-4.1.60.Final.jar;C:\Users\Raj shekhar Mishra\.m2\repository\io\netty\netty-transport-native-epoll\4.1.60.Final\netty-transport-native-epoll-4.1.60.Final-linux-x86_64.jar;C:\Users\Raj shekhar Mishra\.m2\repository\io\netty\netty-transport-native-kqueue\4.1.60.Final\netty-transport-native-kqueue-4.1.60.Final-osx-x86_64.jar;C:\Users\Raj shekhar Mishra\.m2\repository\org\reactivestreams\reactive-streams\1.0.3\reactive-streams-1.0.3.jar;C:\Users\Raj shekhar Mishra\.m2\repository\com\typesafe\netty\netty-reactive-streams\2.0.4\netty-reactive-streams-2.0.4.jar;C:\Users\Raj shekhar Mishra\.m2\repository\com\sun\activation\jakarta.activation\1.2.2\jakarta.activation-1.2.2.jar;C:\Users\Raj shekhar Mishra\.m2\repository\org\seleniumhq\selenium\selenium-http\4.3.0\selenium-http-4.3.0.jar;C:\Users\Raj shekhar Mishra\.m2\repository\dev\failsafe\failsafe\3.2.4\failsafe-3.2.4.jar;C:\Users\Raj shekhar Mishra\.m2\repository\org\seleniumhq\selenium\selenium-safari-driver\4.3.0\selenium-safari-driver-4.3.0.jar;C:\Users\Raj shekhar Mishra\.m2\repository\org\seleniumhq\selenium\selenium-support\4.3.0\selenium-support-4.3.0.jar;"/>
    <property name="sun.cpu.endian" value="little"/>
    <property name="user.home" value="C:\Users\Raj shekhar Mishra"/>
    <property name="user.language" value="en"/>
    <property name="java.specification.vendor" value="Oracle Corporation"/>
    <property name="java.version.date" value="2022-07-19"/>
    <property name="java.home" value="C:\Program Files\Java\jdk-17.0.4"/>
    <property name="file.separator" value="\"/>
    <property name="basedir" value="D:\testingProjectsEclipse\MovieValidation"/>
    <property name="java.vm.compressedOopsMode" value="32-bit"/>
    <property name="line.separator" value="&#10;"/>
    <property name="java.vm.specification.vendor" value="Oracle Corporation"/>
    <property name="java.specification.name" value="Java Platform API Specification"/>
    <property name="surefire.real.class.path" value="C:\Users\Raj shekhar Mishra\AppData\Local\Temp\surefire2896572471173549948\surefirebooter-20220724144051555_3.jar"/>
    <property name="user.script" value=""/>
    <property name="sun.management.compiler" value="HotSpot 64-Bit Tiered Compilers"/>
    <property name="java.runtime.version" value="17.0.4+11-LTS-179"/>
    <property name="user.name" value="Raj shekhar Mishra"/>
    <property name="path.separator" value=";"/>
    <property name="os.version" value="10.0"/>
    <property name="java.runtime.name" value="Java(TM) SE Runtime Environment"/>
    <property name="file.encoding" value="Cp1252"/>
    <property name="java.vm.name" value="Java HotSpot(TM) 64-Bit Server VM"/>
    <property name="localRepository" value="C:\Users\Raj shekhar Mishra\.m2\repository"/>
    <property name="java.vendor.url.bug" value="https://bugreport.java.com/bugreport/"/>
    <property name="java.io.tmpdir" value="C:\Users\RAJSHE~1\AppData\Local\Temp\"/>
    <property name="java.version" value="17.0.4"/>
    <property name="user.dir" value="D:\testingProjectsEclipse\MovieValidation"/>
    <property name="os.arch" value="amd64"/>
    <property name="java.vm.specification.name" value="Java Virtual Machine Specification"/>
    <property name="sun.os.patch.level" value=""/>
    <property name="native.encoding" value="Cp1252"/>
    <property name="java.library.path" value="C:\Program Files\Java\jdk-17.0.4\bin;C:\Windows\Sun\Java\bin;C:\Windows\system32;C:\Windows;C:\Program Files\Common Files\Oracle\Java\javapath;C:\Windows\system32;C:\Windows;C:\Windows\System32\Wbem;C:\Windows\System32\WindowsPowerShell\v1.0\;C:\Windows\System32\OpenSSH\;C:\Program Files (x86)\NVIDIA Corporation\PhysX\Common;C:\Program Files\Git\cmd;C:\Program Files\nodejs\;D:\Maven\apache-maven-3.8.6\bin;C:\Users\Raj shekhar Mishra\AppData\Local\Microsoft\WindowsApps;C:\Users\Raj shekhar Mishra\AppData\Local\atom\bin;D:\hyper\resources\bin;D:\GitN\Hyper\resources\bin;C:\Users\Raj shekhar Mishra\AppData\Local\Programs\Hyper\resources\bin;C:\Users\Raj shekhar Mishra\AppData\Roaming\npm;C:\Program Files\Java\jdk-17.0.4\bin;D:\Maven\apache-maven-3.8.6\bin;;."/>
    <property name="java.vm.info" value="mixed mode, sharing"/>
    <property name="java.vendor" value="Oracle Corporation"/>
    <property name="java.vm.version" value="17.0.4+11-LTS-179"/>
    <property name="sun.io.unicode.encoding" value="UnicodeLittle"/>
    <property name="java.class.version" value="61.0"/>
  </properties>
  <testcase name="case1" classname="seleniumTest.Test" time="77.996">
    <system-out><![CDATA[movieReleaseDateWiki => 6 July 2016
movieOriginCountryWiki => India
movieReleaseDateIMDb => April 2, 2021 (India)
movieOriginCountryIMDb => India
]]></system-out>
    <system-err><![CDATA[SLF4J: Failed to load class "org.slf4j.impl.StaticLoggerBinder".
SLF4J: Defaulting to no-operation (NOP) logger implementation
SLF4J: See http://www.slf4j.org/codes.html#StaticLoggerBinder for further details.
Starting ChromeDriver 103.0.5060.134 (8ec6fce403b3feb0869b0732eda8bd95011d333c-refs/branch-heads/5060@{#1262}) on port 54051
Only local connections are allowed.
Please see https://chromedriver.chromium.org/security-considerations for suggestions on keeping ChromeDriver safe.
ChromeDriver was started successfully.
Jul 24, 2022 2:41:10 PM org.openqa.selenium.remote.ProtocolHandshake createSession
INFO: Detected upstream dialect: W3C
Jul 24, 2022 2:41:11 PM org.openqa.selenium.devtools.CdpVersionFinder findNearestMatch
INFO: Found exact CDP implementation for version 103
]]></system-err>
  </testcase>
</testsuite>