<?xml version="1.0" encoding="UTF-8"?>
<!-- Generated by org.testng.reporters.JUnitReportReporter -->
<testsuite hostname="DESKTOP-TJUA0NC" failures="0" tests="1" name="seleniumTest.Test" time="77.971" errors="0" timestamp="2022-07-24T14:42:15 IST" skipped="0">
  <testcase classname="seleniumTest.Test" name="case1" time="77.971"/>
  <system-out/>
</testsuite> <!-- seleniumTest.Test -->
